NewsReader/composeApp/build/intermediates/manifest_merge_blame_file/debug/processDebugMainManifest/manifest-merger-blame-debug-report.txt
1<?xml version="1.0" encoding="utf-8"?>
2<manifest xmlns:android="http://schemas.android.com/apk/res/android"
3    package="com.bintang.newsreader"
4    android:versionCode="1"
5    android:versionName="1.0" >
6
7    <uses-sdk
8        android:minSdkVersion="24"
9        android:targetSdkVersion="36" />
10
11    <!-- WAJIB: Izin akses internet -->
12    <uses-permission android:name="android.permission.INTERNET" />
12-->src\androidMain\AndroidManifest.xml:5:5-67
12-->src\androidMain\AndroidManifest.xml:5:22-64
13
14    <permission
14-->[androidx.core:core:1.18.0] AndroidManifest.xml:22:5-24:47
15        android:name="com.bintang.newsreader.DYNAMIC_RECEIVER_NOT_EXPORTED_PERMISSION"
15-->[androidx.core:core:1.18.0] AndroidManifest.xml:23:9-81
16        android:protectionLevel="signature" />
16-->[androidx.core:core:1.18.0] AndroidManifest.xml:24:9-44
17
18    <uses-permission android:name="com.bintang.newsreader.DYNAMIC_RECEIVER_NOT_EXPORTED_PERMISSION" />
18-->[androidx.core:core:1.18.0] AndroidManifest.xml:26:5-97
18-->[androidx.core:core:1.18.0] AndroidManifest.xml:26:22-94
19
20    <application
20-->src\androidMain\AndroidManifest.xml:7:5-23:19
21        android:allowBackup="true"
21-->src\androidMain\AndroidManifest.xml:8:9-35
22        android:appComponentFactory="androidx.core.app.CoreComponentFactory"
22-->[androidx.core:core:1.18.0] AndroidManifest.xml:28:18-86
23        android:debuggable="true"
24        android:extractNativeLibs="false"
25        android:icon="@mipmap/ic_launcher"
25-->src\androidMain\AndroidManifest.xml:9:9-43
26        android:label="@string/app_name"
26-->src\androidMain\AndroidManifest.xml:10:9-41
27        android:roundIcon="@mipmap/ic_launcher_round"
27-->src\androidMain\AndroidManifest.xml:11:9-54
28        android:supportsRtl="true"
28-->src\androidMain\AndroidManifest.xml:12:9-35
29        android:testOnly="true"
30        android:theme="@android:style/Theme.Material.Light.NoActionBar" >
30-->src\androidMain\AndroidManifest.xml:13:9-72
31        <activity
31-->src\androidMain\AndroidManifest.xml:14:9-22:20
32            android:name="com.bintang.newsreader.MainActivity"
32-->src\androidMain\AndroidManifest.xml:16:13-41
33            android:exported="true" >
33-->src\androidMain\AndroidManifest.xml:15:13-36
34            <intent-filter>
34-->src\androidMain\AndroidManifest.xml:17:13-21:29
35                <action android:name="android.intent.action.MAIN" />
35-->src\androidMain\AndroidManifest.xml:18:17-69
35-->src\androidMain\AndroidManifest.xml:18:25-66
36
37                <category android:name="android.intent.category.LAUNCHER" />
37-->src\androidMain\AndroidManifest.xml:20:17-77
37-->src\androidMain\AndroidManifest.xml:20:27-74
38            </intent-filter>
39        </activity>
40
41        <provider
41-->[org.jetbrains.compose.components:components-resources-android:1.10.3] AndroidManifest.xml:8:9-13:20
42            android:name="org.jetbrains.compose.resources.AndroidContextProvider"
42-->[org.jetbrains.compose.components:components-resources-android:1.10.3] AndroidManifest.xml:9:13-82
43            android:authorities="com.bintang.newsreader.resources.AndroidContextProvider"
43-->[org.jetbrains.compose.components:components-resources-android:1.10.3] AndroidManifest.xml:10:13-84
44            android:enabled="true"
44-->[org.jetbrains.compose.components:components-resources-android:1.10.3] AndroidManifest.xml:11:13-35
45            android:exported="false" >
45-->[org.jetbrains.compose.components:components-resources-android:1.10.3] AndroidManifest.xml:12:13-37
46        </provider>
47
48        <activity
48-->[androidx.compose.ui:ui-tooling-android:1.10.5] AndroidManifest.xml:23:9-25:39
49            android:name="androidx.compose.ui.tooling.PreviewActivity"
49-->[androidx.compose.ui:ui-tooling-android:1.10.5] AndroidManifest.xml:24:13-71
50            android:exported="true" />
50-->[androidx.compose.ui:ui-tooling-android:1.10.5] AndroidManifest.xml:25:13-36
51
52        <uses-library
52-->[androidx.window:window:1.5.0] AndroidManifest.xml:23:9-25:40
53            android:name="androidx.window.extensions"
53-->[androidx.window:window:1.5.0] AndroidManifest.xml:24:13-54
54            android:required="false" />
54-->[androidx.window:window:1.5.0] AndroidManifest.xml:25:13-37
55        <uses-library
55-->[androidx.window:window:1.5.0] AndroidManifest.xml:26:9-28:40
56            android:name="androidx.window.sidecar"
56-->[androidx.window:window:1.5.0] AndroidManifest.xml:27:13-51
57            android:required="false" />
57-->[androidx.window:window:1.5.0] AndroidManifest.xml:28:13-37
58
59        <provider
59-->[androidx.emoji2:emoji2:1.4.0] AndroidManifest.xml:24:9-32:20
60            android:name="androidx.startup.InitializationProvider"
60-->[androidx.emoji2:emoji2:1.4.0] AndroidManifest.xml:25:13-67
61            android:authorities="com.bintang.newsreader.androidx-startup"
61-->[androidx.emoji2:emoji2:1.4.0] AndroidManifest.xml:26:13-68
62            android:exported="false" >
62-->[androidx.emoji2:emoji2:1.4.0] AndroidManifest.xml:27:13-37
63            <meta-data
63-->[androidx.emoji2:emoji2:1.4.0] AndroidManifest.xml:29:13-31:52
64                android:name="androidx.emoji2.text.EmojiCompatInitializer"
64-->[androidx.emoji2:emoji2:1.4.0] AndroidManifest.xml:30:17-75
65                android:value="androidx.startup" />
65-->[androidx.emoji2:emoji2:1.4.0] AndroidManifest.xml:31:17-49
66            <meta-data
66-->[androidx.lifecycle:lifecycle-process:2.10.0] AndroidManifest.xml:29:13-31:52
67                android:name="androidx.lifecycle.ProcessLifecycleInitializer"
67-->[androidx.lifecycle:lifecycle-process:2.10.0] AndroidManifest.xml:30:17-78
68                android:value="androidx.startup" />
68-->[androidx.lifecycle:lifecycle-process:2.10.0] AndroidManifest.xml:31:17-49
69            <meta-data
69-->[androidx.profileinstaller:profileinstaller:1.4.1] AndroidManifest.xml:29:13-31:52
70                android:name="androidx.profileinstaller.ProfileInstallerInitializer"
70-->[androidx.profileinstaller:profileinstaller:1.4.1] AndroidManifest.xml:30:17-85
71                android:value="androidx.startup" />
71-->[androidx.profileinstaller:profileinstaller:1.4.1] AndroidManifest.xml:31:17-49
72        </provider>
73
74        <receiver
74-->[androidx.profileinstaller:profileinstaller:1.4.1] AndroidManifest.xml:34:9-52:20
75            android:name="androidx.profileinstaller.ProfileInstallReceiver"
75-->[androidx.profileinstaller:profileinstaller:1.4.1] AndroidManifest.xml:35:13-76
76            android:directBootAware="false"
76-->[androidx.profileinstaller:profileinstaller:1.4.1] AndroidManifest.xml:36:13-44
77            android:enabled="true"
77-->[androidx.profileinstaller:profileinstaller:1.4.1] AndroidManifest.xml:37:13-35
78            android:exported="true"
78-->[androidx.profileinstaller:profileinstaller:1.4.1] AndroidManifest.xml:38:13-36
79            android:permission="android.permission.DUMP" >
79-->[androidx.profileinstaller:profileinstaller:1.4.1] AndroidManifest.xml:39:13-57
80            <intent-filter>
80-->[androidx.profileinstaller:profileinstaller:1.4.1] AndroidManifest.xml:40:13-42:29
81                <action android:name="androidx.profileinstaller.action.INSTALL_PROFILE" />
81-->[androidx.profileinstaller:profileinstaller:1.4.1] AndroidManifest.xml:41:17-91
81-->[androidx.profileinstaller:profileinstaller:1.4.1] AndroidManifest.xml:41:25-88
82            </intent-filter>
83            <intent-filter>
83-->[androidx.profileinstaller:profileinstaller:1.4.1] AndroidManifest.xml:43:13-45:29
84                <action android:name="androidx.profileinstaller.action.SKIP_FILE" />
84-->[androidx.profileinstaller:profileinstaller:1.4.1] AndroidManifest.xml:44:17-85
84-->[androidx.profileinstaller:profileinstaller:1.4.1] AndroidManifest.xml:44:25-82
85            </intent-filter>
86            <intent-filter>
86-->[androidx.profileinstaller:profileinstaller:1.4.1] AndroidManifest.xml:46:13-48:29
87                <action android:name="androidx.profileinstaller.action.SAVE_PROFILE" />
87-->[androidx.profileinstaller:profileinstaller:1.4.1] AndroidManifest.xml:47:17-88
87-->[androidx.profileinstaller:profileinstaller:1.4.1] AndroidManifest.xml:47:25-85
88            </intent-filter>
89            <intent-filter>
89-->[androidx.profileinstaller:profileinstaller:1.4.1] AndroidManifest.xml:49:13-51:29
90                <action android:name="androidx.profileinstaller.action.BENCHMARK_OPERATION" />
90-->[androidx.profileinstaller:profileinstaller:1.4.1] AndroidManifest.xml:50:17-95
90-->[androidx.profileinstaller:profileinstaller:1.4.1] AndroidManifest.xml:50:25-92
91            </intent-filter>
92        </receiver>
93    </application>
94
95</manifest>